2023-05-30 17:21:33.966 - DBeaver 23.0.5.202305211610 is starting
2023-05-30 17:21:33.968 - OS: Windows 11 10.0 (amd64)
2023-05-30 17:21:33.968 - Java version: 17.0.6 by Eclipse Adoptium (64bit)
2023-05-30 17:21:33.969 - Install path: 'C:\Java\dbeaver'
2023-05-30 17:21:33.969 - Instance path: 'file:/C:/Users/82108/OneDrive/바탕 화면/coding/java_workspace/sqlScripts/'
2023-05-30 17:21:33.969 - Memory available 64Mb/1024Mb
2023-05-30 17:21:33.988 - Create display
2023-05-30 17:21:34.172 - Initializing DBeaver 23.0.5
2023-05-30 17:21:34.175 - Host plugin: org.jkiss.dbeaver.ui.app.standalone 23.0.5.202305211610
2023-05-30 17:21:34.176 - Initialize desktop platform...
2023-05-30 17:21:34.449 - BounceCastle bundle found. Use JCE provider BC
> Start Core File Systems [org.eclipse.core.filesystem 1.9.500.v20220817-1539]
> Start Core Resource Management [org.eclipse.core.resources 3.18.200.v20230209-0754]
> Start DBeaver UI Navigator [org.jkiss.dbeaver.ui.navigator 1.0.106.202305211610]
> Start 팀 지원 핵심 [org.eclipse.team.core 3.9.700.v20221201-0946]
2023-05-30 17:21:34.737 - Initialize base platform...
> Start Expression Language [org.eclipse.core.expressions 3.8.200.v20220613-1047]
2023-05-30 17:21:34.771 - Platform initialized (595ms)
> Start DBeaver UI Editors - Base [org.jkiss.dbeaver.ui.editors.base 1.0.106.202305211610]
2023-05-30 17:21:34.784 - Starting RMI server at 64405
2023-05-30 17:21:34.836 - Run workbench
> Start DBeaver UI [org.jkiss.dbeaver.ui 5.1.121.202305211610]
> Start Eclipse e4 작업영역 SWT [org.eclipse.e4.ui.workbench.swt 0.16.800.v20230220-0932]
> Start Eclipse Application Services [org.eclipse.e4.core.services 2.3.400.v20220915-1347]
> Start Eclipse UI Application Services [org.eclipse.e4.ui.services 1.5.200.v20230220-0932]
> Start Eclipse e4 Progress View [org.eclipse.e4.ui.progress 0.3.700.v20230214-1401]
> Start EMF XML/XMI Persistence [org.eclipse.emf.ecore.xmi 2.18.0.v20230211-1150]
> Start Eclipse CSS SWT Theme Support [org.eclipse.e4.ui.css.swt.theme 0.13.300.v20230220-0932]
> Start Eclipse e4 작업영역 기능 추가 [org.eclipse.e4.ui.workbench.addons.swt 1.4.600.v20230220-0932]
> Start Eclipse e4 작업영역 SWT 렌더러 [org.eclipse.e4.ui.workbench.renderers.swt 0.15.800.v20230214-1401]
> Start Eclipse Bindings Support [org.eclipse.e4.ui.bindings 0.13.300.v20230220-0932]
> Start Eclipse Dependency Injection Extensions [org.eclipse.e4.core.di.extensions 0.17.200.v20220613-1008]
> Start Eclipse CSS SWT Support [org.eclipse.e4.ui.css.swt 0.14.800.v20230220-0932]
> Start Java Native Access [com.sun.jna 5.12.1.v20221103-2317]
Warning: NLS unused message: BlockedJobsDialog_UserInterfaceTreeElement in: org.eclipse.ui.internal.progress.messages
2023-05-30 17:21:36.993 - Configure workbench window
> Start DBeaver SQL Model [org.jkiss.dbeaver.model.sql 1.0.96.202305211610]
2023-05-30 17:21:37.182 - Total database drivers: 102 (102)
> Start 도움말 시스템 코어 [org.eclipse.help 3.9.100.v20210721-0601]
2023-05-30 17:21:37.280 - Create actions
2023-05-30 17:21:37.286 - Disable Eclipse action set 'org.eclipse.ui.edit.text.actionSet.annotationNavigation'
2023-05-30 17:21:37.287 - Disable Eclipse action set 'org.eclipse.ui.WorkingSetActionSet'
2023-05-30 17:21:37.288 - Disable Eclipse action set 'org.eclipse.ui.actionSet.openFiles'
2023-05-30 17:21:38.039 - Initialize workbench window
2023-05-30 17:21:38.046 - Finish initialization
> Start DBeaver UI Editors - Data [org.jkiss.dbeaver.ui.editors.data 1.0.106.202305211610]
> Start Equinox Java Authentication and Authorization Service (JAAS) [org.eclipse.equinox.security 1.3.1000.v20220801-1135]
> Start 인터넷 연결 관리 사용자 인터페이스 [org.eclipse.ui.net 1.4.100.v20220812-1406]
> Start Internet Connection Management [org.eclipse.core.net 1.4.0.v20220813-1037]
> Start DBeaver Sample Database [org.jkiss.dbeaver.ext.sample.database 1.0.143.202305211610]
> Start DBeaver Tip of the day [org.jkiss.dbeaver.ext.ui.tipoftheday 1.0.112.202305211610]
> Start Draw2d [org.eclipse.draw2dl 3.12.100.20230512005007]
> Start GEF3 GEF (MVC) [org.eclipse.gef3 3.12.100.20230512005007]
> Start DBeaver ERD UI [org.jkiss.dbeaver.erd.ui 3.0.66.202305211610]
> Start DBeaver ERD Model [org.jkiss.dbeaver.erd.model 1.0.66.202305211610]
Warning: NLS unused message: actions_navigator__objects in: org.jkiss.dbeaver.ui.editors.sql.internal.SQLEditorMessages
> Start DBeaver UI Editors - SQL [org.jkiss.dbeaver.ui.editors.sql 1.0.106.202305211610]
> Start 기본 문서 편집기 [org.eclipse.ui.editors 3.15.0.v20221201-1935]
> Start 텍스트 편집기 프레임워크 [org.eclipse.ui.workbench.texteditor 3.16.700.v20230210-0941]
2023-05-30 17:22:19.851 - DBeaver is stopping
2023-05-30 17:22:19.853 - Stop RMI server
2023-05-30 17:22:19.855 - RMI controller has been stopped
2023-05-30 17:22:19.857 - DBeaver shutdown completed
